[20-Aug-2020 14:03:11 UTC] PHP Warning:  Use of undefined constant have_posts - assumed 'have_posts' (this will throw an Error in a future version of PHP) in /Users/shodayuki/Local Sites/yuki-shoda-portfolio/app/public/wp-content/themes/original/page.php on line 4
[20-Aug-2020 14:03:11 UTC] PHP Stack trace:
[20-Aug-2020 14:03:11 UTC] PHP   1. {main}() /Users/shodayuki/Local Sites/yuki-shoda-portfolio/app/public/index.php:0
[20-Aug-2020 14:03:11 UTC] PHP   2. require() /Users/shodayuki/Local Sites/yuki-shoda-portfolio/app/public/index.php:17
[20-Aug-2020 14:03:11 UTC] PHP   3. require_once() /Users/shodayuki/Local Sites/yuki-shoda-portfolio/app/public/wp-blog-header.php:19
[20-Aug-2020 14:03:11 UTC] PHP   4. include() /Users/shodayuki/Local Sites/yuki-shoda-portfolio/app/public/wp-includes/template-loader.php:106
[20-Aug-2020 14:05:10 UTC] PHP Warning:  Use of undefined constant have_posts - assumed 'have_posts' (this will throw an Error in a future version of PHP) in /Users/shodayuki/Local Sites/yuki-shoda-portfolio/app/public/wp-content/themes/original/page.php on line 4
[20-Aug-2020 14:05:10 UTC] PHP Stack trace:
[20-Aug-2020 14:05:10 UTC] PHP   1. {main}() /Users/shodayuki/Local Sites/yuki-shoda-portfolio/app/public/index.php:0
[20-Aug-2020 14:05:10 UTC] PHP   2. require() /Users/shodayuki/Local Sites/yuki-shoda-portfolio/app/public/index.php:17
[20-Aug-2020 14:05:10 UTC] PHP   3. require_once() /Users/shodayuki/Local Sites/yuki-shoda-portfolio/app/public/wp-blog-header.php:19
[20-Aug-2020 14:05:10 UTC] PHP   4. include() /Users/shodayuki/Local Sites/yuki-shoda-portfolio/app/public/wp-includes/template-loader.php:106
[20-Aug-2020 14:05:52 UTC] PHP Warning:  Use of undefined constant have_posts - assumed 'have_posts' (this will throw an Error in a future version of PHP) in /Users/shodayuki/Local Sites/yuki-shoda-portfolio/app/public/wp-content/themes/original/page.php on line 6
[20-Aug-2020 14:05:52 UTC] PHP Stack trace:
[20-Aug-2020 14:05:52 UTC] PHP   1. {main}() /Users/shodayuki/Local Sites/yuki-shoda-portfolio/app/public/index.php:0
[20-Aug-2020 14:05:52 UTC] PHP   2. require() /Users/shodayuki/Local Sites/yuki-shoda-portfolio/app/public/index.php:17
[20-Aug-2020 14:05:52 UTC] PHP   3. require_once() /Users/shodayuki/Local Sites/yuki-shoda-portfolio/app/public/wp-blog-header.php:19
[20-Aug-2020 14:05:52 UTC] PHP   4. include() /Users/shodayuki/Local Sites/yuki-shoda-portfolio/app/public/wp-includes/template-loader.php:106
[20-Aug-2020 14:06:06 UTC] PHP Warning:  Use of undefined constant have_posts - assumed 'have_posts' (this will throw an Error in a future version of PHP) in /Users/shodayuki/Local Sites/yuki-shoda-portfolio/app/public/wp-content/themes/original/page.php on line 4
[20-Aug-2020 14:06:06 UTC] PHP Stack trace:
[20-Aug-2020 14:06:06 UTC] PHP   1. {main}() /Users/shodayuki/Local Sites/yuki-shoda-portfolio/app/public/index.php:0
[20-Aug-2020 14:06:06 UTC] PHP   2. require() /Users/shodayuki/Local Sites/yuki-shoda-portfolio/app/public/index.php:17
[20-Aug-2020 14:06:06 UTC] PHP   3. require_once() /Users/shodayuki/Local Sites/yuki-shoda-portfolio/app/public/wp-blog-header.php:19
[20-Aug-2020 14:06:06 UTC] PHP   4. include() /Users/shodayuki/Local Sites/yuki-shoda-portfolio/app/public/wp-includes/template-loader.php:106
[20-Aug-2020 14:08:27 UTC] PHP Warning:  Use of undefined constant have_posts - assumed 'have_posts' (this will throw an Error in a future version of PHP) in /Users/shodayuki/Local Sites/yuki-shoda-portfolio/app/public/wp-content/themes/original/page.php on line 4
[20-Aug-2020 14:08:27 UTC] PHP Stack trace:
[20-Aug-2020 14:08:27 UTC] PHP   1. {main}() /Users/shodayuki/Local Sites/yuki-shoda-portfolio/app/public/index.php:0
[20-Aug-2020 14:08:27 UTC] PHP   2. require() /Users/shodayuki/Local Sites/yuki-shoda-portfolio/app/public/index.php:17
[20-Aug-2020 14:08:27 UTC] PHP   3. require_once() /Users/shodayuki/Local Sites/yuki-shoda-portfolio/app/public/wp-blog-header.php:19
[20-Aug-2020 14:08:27 UTC] PHP   4. include() /Users/shodayuki/Local Sites/yuki-shoda-portfolio/app/public/wp-includes/template-loader.php:106
[20-Aug-2020 14:09:32 UTC] PHP Parse error:  syntax error, unexpected ':' in /Users/shodayuki/Local Sites/yuki-shoda-portfolio/app/public/wp-content/themes/original/page.php on line 4
[20-Aug-2020 14:09:46 UTC] PHP Warning:  Use of undefined constant have_posts - assumed 'have_posts' (this will throw an Error in a future version of PHP) in /Users/shodayuki/Local Sites/yuki-shoda-portfolio/app/public/wp-content/themes/original/page.php on line 4
[20-Aug-2020 14:09:46 UTC] PHP Stack trace:
[20-Aug-2020 14:09:46 UTC] PHP   1. {main}() /Users/shodayuki/Local Sites/yuki-shoda-portfolio/app/public/index.php:0
[20-Aug-2020 14:09:46 UTC] PHP   2. require() /Users/shodayuki/Local Sites/yuki-shoda-portfolio/app/public/index.php:17
[20-Aug-2020 14:09:46 UTC] PHP   3. require_once() /Users/shodayuki/Local Sites/yuki-shoda-portfolio/app/public/wp-blog-header.php:19
[20-Aug-2020 14:09:46 UTC] PHP   4. include() /Users/shodayuki/Local Sites/yuki-shoda-portfolio/app/public/wp-includes/template-loader.php:106
